Nov 17, 2024 4:26:09 AM entity.Util endProgram
INFO: Customer{CustomerId=1, retrievalRate=10, frequency=1} User{fName='Ashlen', lName='Gualterio', username='gillespie', password='9999116ec6e1052ebae429afc6e23c50798b036105f21eca5b154d1cfb395b41', email='hsmith@yahoo.com', simulated=true}
Nov 17, 2024 4:26:09 AM entity.Util endProgram
INFO: Customer{CustomerId=2, retrievalRate=10, frequency=1} User{fName='Nannie', lName='McClelland', username='callis', password='38be84dc056b8a8525e1c803f504e2ef71f1c958f4f1ff6b7447684069e98bd4', email='odavis@hotmail.com', simulated=true}
Nov 17, 2024 4:26:09 AM entity.Util endProgram
INFO: Customer{CustomerId=3, retrievalRate=10, frequency=1} User{fName='Jocelin', lName='Shelley', username='ribband', password='1642c1186f00eb28d57ffc9eb4110ee2aca5173d05e757258fc1195b836947d2', email='acooper@hotmail.com', simulated=true}
Nov 17, 2024 4:26:09 AM entity.Util endProgram
INFO: Customer{CustomerId=4, retrievalRate=10, frequency=1} User{fName='Margit', lName='Efrem', username='robb', password='d16aed0a483a21d695fe5e210da62adec78c21631b5be5ff837e9fbedf2e6241', email='whill@gmail.com', simulated=true}
Nov 17, 2024 4:26:09 AM entity.Util endProgram
INFO: Customer{CustomerId=5, retrievalRate=10, frequency=1} User{fName='Bethena', lName='Lyudmila', username='natter', password='e08d706b3e4ce964b632746cf568913cb93f1ed36476fbb0494b80ed17c5975c', email='wwatson@live.com', simulated=true}
Nov 17, 2024 4:26:09 AM entity.Util endProgram
INFO: Customer{CustomerId=6, retrievalRate=10, frequency=1} User{fName='Olympia', lName='Thirzia', username='assumption', password='330723c9aa3518de2766da1efd0b9eb171402502d98f39d7f46f0aeafec78d50', email='dperry@hotmail.com', simulated=true}
Nov 17, 2024 4:26:09 AM entity.Util endProgram
INFO: Customer{CustomerId=7, retrievalRate=10, frequency=1} User{fName='Susann', lName='Jonme', username='fiden', password='5676b230f11b55e714acca7495e5d5bf89025146cf2177a35bdbfa96fc9e9827', email='cross@yahoo.com', simulated=true}
Nov 17, 2024 4:26:09 AM entity.Util endProgram
INFO: Customer{CustomerId=8, retrievalRate=10, frequency=1} User{fName='Nanine', lName='Desdamona', username='runnymede', password='96ae70b8d33e99ddfc296056cfa24e900f17e5b355ea04c2c1ed889c6b412454', email='jbryant@live.com', simulated=true}
Nov 17, 2024 4:26:09 AM entity.Util endProgram
INFO: Customer{CustomerId=9, retrievalRate=10, frequency=1} User{fName='Ninnette', lName='Kliman', username='dentation', password='eb0afd90509c50678e298bdf1b15f195b2b77c31466211f5f9118be1a9788e1f', email='awood@gmail.com', simulated=true}
Nov 17, 2024 4:26:09 AM entity.Util endProgram
INFO: Customer{CustomerId=10, retrievalRate=10, frequency=1} User{fName='Chloette', lName='Oralee', username='glenn', password='db8ffbe1cd19708b8ffbec1ddabb56f3c996c7710e7352455faeafeb7e161101', email='dpowell@live.com', simulated=true}
Nov 17, 2024 4:26:09 AM entity.Util endProgram
INFO: Customer{CustomerId=11, retrievalRate=10, frequency=1} User{fName='Ofelia', lName='Neille', username='bilbe', password='1fa794fa6b4cf4915d6ba1b214bd137f1f8fa59c88e5af7b448f0ab73e396092', email='aking@gmail.com', simulated=true}
Nov 17, 2024 4:26:09 AM entity.Util endProgram
INFO: Customer{CustomerId=12, retrievalRate=10, frequency=1} User{fName='Taryn', lName='Snook', username='glendon', password='3e8e40c0af5f5ea5a94837f090631379e090fdb2fcf0c65a65859ae051e2c794', email='lrivera@gmail.com', simulated=true}
Nov 17, 2024 4:26:09 AM entity.Util endProgram
INFO: Customer{CustomerId=13, retrievalRate=10, frequency=1} User{fName='Lexie', lName='Coleman', username='nike', password='c58ed9e7453ad4bb588882ae2ef6a86dab87d940909842665d1699988bde4b96', email='dhughes@hotmail.com', simulated=true}
Nov 17, 2024 4:26:09 AM entity.Util endProgram
INFO: Customer{CustomerId=14, retrievalRate=10, frequency=1} User{fName='Jeri', lName='Means', username='supermarket', password='bbc6269bbad2b182ebcda2cac099153b542b9792a34b9709aa463e87a56ba2c2', email='jrussell@hotmail.com', simulated=true}
Nov 17, 2024 4:26:09 AM entity.Util endProgram
INFO: Customer{CustomerId=15, retrievalRate=10, frequency=1} User{fName='Shaina', lName='Olnek', username='satinet', password='715cf0e81c39e106806dd12dab8aaa6a3930f070c8e3f1375bd29620823ec13b', email='jwhite@live.com', simulated=true}
Nov 17, 2024 4:26:09 AM entity.Util endProgram
INFO: Customer{CustomerId=16, retrievalRate=10, frequency=1} User{fName='Inez', lName='Farrish', username='glennglenna', password='e6deb10a6558650aebf4c4d95fc47c716dfb2da7350183c114041c19ae9bfcd3', email='oprice@live.com', simulated=true}
Nov 17, 2024 4:26:09 AM entity.Util endProgram
INFO: Customer{CustomerId=17, retrievalRate=10, frequency=1} User{fName='Berthe', lName='Jovi', username='doyledoyley', password='be78e93242a0374425c7ad95e9cf06f569bd3d5c3bd0c062287bb6e0ea632925', email='ypatterson@hotmail.com', simulated=true}
Nov 17, 2024 4:26:09 AM entity.Util endProgram
INFO: Customer{CustomerId=18, retrievalRate=10, frequency=1} User{fName='Corey', lName='Ermin', username='hydroxide', password='d77aa671f83f9d139f66c2d7f0ed574894bbbb041fa065dc94dca63f7bf9747d', email='sstewart@yahoo.com', simulated=true}
Nov 17, 2024 4:26:09 AM entity.Util endProgram
INFO: Customer{CustomerId=19, retrievalRate=10, frequency=1} User{fName='Prissie', lName='Ephrayim', username='emmons', password='bb3b6b8691a1fdafa6c56199f4bb12282db1460967b4e1c35a878464c2ebd53e', email='lbell@live.com', simulated=true}
Nov 17, 2024 4:26:09 AM entity.Util endProgram
INFO: Customer{CustomerId=20, retrievalRate=10, frequency=1} User{fName='Amandie', lName='Hampton', username='proscenium', password='8a48abbd5535a6de051dd167111e33abe996ddc7091aeac8808ae2c335d505ce', email='rsimmons@live.com', simulated=true}
Nov 17, 2024 4:26:09 AM entity.Util endProgram
INFO: Customer{CustomerId=21, retrievalRate=10, frequency=1} User{fName='Kerry', lName='Bergen', username='bughouse', password='d9e218ac870d788c2b761701c15ad2bef9c4849926963abeba20011d2538930e', email='vgonzalez@live.com', simulated=true}
Nov 17, 2024 4:26:09 AM entity.Util endProgram
INFO: Customer{CustomerId=22, retrievalRate=10, frequency=1} User{fName='Janela', lName='Osborne', username='formidable', password='06363555054de198a87c4c743572dd5113a5fa5d298b9478a30c29ebb9d38b97', email='rmorgan@live.com', simulated=true}
Nov 17, 2024 4:26:09 AM entity.Util endProgram
INFO: Customer{CustomerId=23, retrievalRate=10, frequency=1} User{fName='Gabriell', lName='Erv', username='buckinghamshire', password='91cbb8837861a24143fe06d54e4c3e8f7ad41cac5860016a44decdf1059832dc', email='showard@gmail.com', simulated=true}
Nov 17, 2024 4:26:09 AM entity.Util endProgram
INFO: Customer{CustomerId=24, retrievalRate=10, frequency=1} User{fName='Cristi', lName='Elder', username='dube', password='d166139e8c419032c6773f8ba4bb04ae314c4ffb5880f693e5f64f46f4ef762f', email='mhayes@live.com', simulated=true}
Nov 17, 2024 4:26:09 AM entity.Util endProgram
INFO: Customer{CustomerId=25, retrievalRate=10, frequency=1} User{fName='Viva', lName='Milly', username='interleaf', password='57f63b894c2818d13c1325a9618bc7b983c46ef62a3ae696bbf36e6b3c604951', email='sturner@hotmail.com', simulated=true}
Nov 17, 2024 4:26:09 AM entity.Util endProgram
INFO: Customer{CustomerId=26, retrievalRate=10, frequency=1} User{fName='Alberta', lName='Eugine', username='solicitude', password='166692abaa3070a1460f932dab8836a167956d3f12573af3ff9b401c9825a27f', email='froberts@gmail.com', simulated=true}
Nov 17, 2024 4:26:09 AM entity.Util endProgram
INFO: Customer{CustomerId=27, retrievalRate=10, frequency=1} User{fName='Mariana', lName='Eldridge', username='pronoun', password='06a47350eaa1801d58e2946b8b8f4b0bd03007b1be7bfab26207bd2d8a7ee83d', email='urobinson@gmail.com', simulated=true}
Nov 17, 2024 4:26:09 AM entity.Util endProgram
INFO: Customer{CustomerId=28, retrievalRate=10, frequency=1} User{fName='Allix', lName='Haletky', username='soup', password='622d117af32f8c8e5a5fb354b316cb5ad42d0e96051ce9582dc54922d3b4fd18', email='hclark@hotmail.com', simulated=true}
Nov 17, 2024 4:26:09 AM entity.Util endProgram
INFO: Customer{CustomerId=29, retrievalRate=10, frequency=1} User{fName='Doralynn', lName='Biancha', username='plait', password='3c66157844fa8ce7e9b67b0022383d7709ba2b30f8306d3c9b2eceb2cd91e4dc', email='cmorgan@gmail.com', simulated=true}
Nov 17, 2024 4:26:09 AM entity.Util endProgram
INFO: Customer{CustomerId=30, retrievalRate=10, frequency=1} User{fName='Ginger', lName='Oehsen', username='timaru', password='31891a39081c66c2bbf87da4fbc373e36760bdfeb5d516cc6e21f582319bc92a', email='fbarnes@live.com', simulated=true}
Nov 17, 2024 4:26:09 AM entity.Util endProgram
INFO: Customer{CustomerId=31, retrievalRate=10, frequency=1} User{fName='Gillan', lName='Boyes', username='darreldarrell', password='ff479f9d891005c535ec4313d3747a095ff4dee31999c881227d5f74e09d85d0', email='dmiller@yahoo.com', simulated=true}
Nov 17, 2024 4:26:09 AM entity.Util endProgram
INFO: Customer{CustomerId=32, retrievalRate=10, frequency=1} User{fName='Yalonda', lName='Dixil', username='rely', password='056839ac9ab4e68edc4203085baa5f1375e2ac15dbf0a5857dd809d29252b37a', email='fperez@live.com', simulated=true}
Nov 17, 2024 4:26:09 AM entity.Util endProgram
INFO: Customer{CustomerId=33, retrievalRate=10, frequency=1} User{fName='Dalenna', lName='Beaulieu', username='douglass', password='ad505b0be8a49b89273e307106fa42133cbd804456724c5e7635bd953215d92a', email='radams@hotmail.com', simulated=true}
Nov 17, 2024 4:26:09 AM entity.Util endProgram
INFO: Customer{CustomerId=34, retrievalRate=10, frequency=1} User{fName='Dierdre', lName='Kirsch', username='chronic', password='e40dfff1a71eb7baf65ea49495977ddd33d81611a9c59c5573fc42205baa7e85', email='tsanchez@gmail.com', simulated=true}
Nov 17, 2024 4:26:09 AM entity.Util endProgram
INFO: Customer{CustomerId=35, retrievalRate=10, frequency=1} User{fName='Kristel', lName='Merdith', username='kareykari', password='b986162d9376812660a7723f7f3aa300cf1aa017a5e28a7b2180d830c160a684', email='umoore@yahoo.com', simulated=true}
Nov 17, 2024 4:26:09 AM entity.Util endProgram
INFO: Customer{CustomerId=36, retrievalRate=10, frequency=1} User{fName='Jo-Anne', lName='Albin', username='farther', password='69c5c5d45dabb5b7a2cf35e9d92d844f585bb19d61aa4a63c93012bef979fb26', email='rprice@gmail.com', simulated=true}
Nov 17, 2024 4:26:09 AM entity.Util endProgram
INFO: Customer{CustomerId=37, retrievalRate=10, frequency=1} User{fName='Davida', lName='Sidwel', username='brant', password='e6bb5689beec52c4672bd4df92c3613d128d30cdc2b704f76953fe43d89c4ae8', email='nsanders@hotmail.com', simulated=true}
Nov 17, 2024 4:26:09 AM entity.Util endProgram
INFO: Customer{CustomerId=38, retrievalRate=10, frequency=1} User{fName='Nickie', lName='Adamec', username='carbazole', password='9d45b795e1edb9f99fbbc6e6016e66ffb83249f508302c8c77d03915c310ec99', email='urobinson@yahoo.com', simulated=true}
Nov 17, 2024 4:26:09 AM entity.Util endProgram
INFO: Customer{CustomerId=39, retrievalRate=10, frequency=1} User{fName='Rosaline', lName='Lefkowitz', username='rouault', password='4378c5895e7ade691792a8bbed89dbfcbea257a8949a3b1132a875e67aa45583', email='dsanchez@live.com', simulated=true}
Nov 17, 2024 4:26:09 AM entity.Util endProgram
INFO: Customer{CustomerId=40, retrievalRate=10, frequency=1} User{fName='Marchelle', lName='Orella', username='pokeberry', password='3bb68de60f56156655a2a70e606892edda3e2f2fc57b482bfe3ef1c5263db5b6', email='vcarter@hotmail.com', simulated=true}
Nov 17, 2024 4:26:09 AM entity.Util endProgram
INFO: Customer{CustomerId=41, retrievalRate=10, frequency=1} User{fName='Randene', lName='Abbottson', username='corotto', password='76c6590b875761412c621e6ef9690e449b2bbe486fed46fb1b42186f6fffb1bf', email='ubrown@gmail.com', simulated=true}
Nov 17, 2024 4:26:09 AM entity.Util endProgram
INFO: Customer{CustomerId=42, retrievalRate=10, frequency=1} User{fName='Blisse', lName='Armond', username='mcginn', password='1fecbb595f20bbc595de1a7d5e4dbec3ad728aa6e15b99b3966bce3c17c85acc', email='cthompson@yahoo.com', simulated=true}
Nov 17, 2024 4:26:09 AM entity.Util endProgram
INFO: Customer{CustomerId=43, retrievalRate=10, frequency=1} User{fName='Odetta', lName='Lampert', username='goddaughter', password='1c6b6bb65eafa8aab6b7056da4da23ce2813eb7f9b01008ab9b87ad259dffb28', email='lstewart@yahoo.com', simulated=true}
Nov 17, 2024 4:26:09 AM entity.Util endProgram
INFO: Customer{CustomerId=44, retrievalRate=10, frequency=1} User{fName='Astra', lName='Lucic', username='redbug', password='a7e31aa22c6106301d370017e683e3dad6097b4b7b2484becf3e1a2d23261939', email='ohoward@yahoo.com', simulated=true}
Nov 17, 2024 4:26:09 AM entity.Util endProgram
INFO: Customer{CustomerId=45, retrievalRate=10, frequency=1} User{fName='Nerte', lName='Stultz', username='tecumseh', password='05ef130c628dac6868d8ab9a08049009d414ceaae8b90e2b0ebb3c5d4c80da6f', email='ccook@live.com', simulated=true}
Nov 17, 2024 4:26:09 AM entity.Util endProgram
INFO: Customer{CustomerId=46, retrievalRate=10, frequency=1} User{fName='Celesta', lName='Adalbert', username='videlicet', password='52b490be7ef6bf808a2c1c0d84a88e4ab7293717b2b68bfa82669997f6ce9670', email='ulewis@yahoo.com', simulated=true}
Nov 17, 2024 4:26:09 AM entity.Util endProgram
INFO: Customer{CustomerId=47, retrievalRate=10, frequency=1} User{fName='Freddi', lName='Beverlee', username='overstate', password='38a34def2a6913f38145afee607e4463fecd8c1b053ad3c0cf96dfca0c40e973', email='mpatterson@gmail.com', simulated=true}
Nov 17, 2024 4:26:09 AM entity.Util endProgram
INFO: Customer{CustomerId=48, retrievalRate=10, frequency=1} User{fName='Zelda', lName='Ita', username='enchorial', password='7bc6f36c4aeaffb839ec9eb2f2804ebd6aa253bf628dc3fa589bc772a77eb57c', email='gwhite@gmail.com', simulated=true}
Nov 17, 2024 4:26:09 AM entity.Util endProgram
INFO: Customer{CustomerId=49, retrievalRate=10, frequency=1} User{fName='Darla', lName='Selle', username='asphalt', password='4fc5c55702e343726497d2b4a882305a544a26dc376a1e297b4ffbd13617b189', email='tharris@gmail.com', simulated=true}
Nov 17, 2024 4:26:09 AM entity.Util endProgram
INFO: Customer{CustomerId=50, retrievalRate=10, frequency=1} User{fName='Emilie', lName='Noakes', username='vitek', password='a138f4357b3a2767fde356bdeaaf116a47ffacf3b4dd980de03fc22f9125f534', email='kmitchell@yahoo.com', simulated=true}
Nov 17, 2024 4:26:09 AM entity.Util endProgram
INFO: Customer{CustomerId=51, retrievalRate=10, frequency=1} User{fName='Judy', lName='Mahoney', username='drover', password='a27fd1720a7c30a644351e9d80659326a48b6e2f421286dbee282d235a23f53c', email='lhoward@hotmail.com', simulated=true}
Nov 17, 2024 4:26:09 AM entity.Util endProgram
INFO: Customer{CustomerId=52, retrievalRate=10, frequency=1} User{fName='Gracia', lName='Burny', username='lange', password='a68999add325ba9952ddf20a853ab998393e4488b8229c0fb7fc9dbc5be26ae8', email='pgriffin@live.com', simulated=true}
Nov 17, 2024 4:26:09 AM entity.Util endProgram
INFO: Customer{CustomerId=53, retrievalRate=10, frequency=1} User{fName='Fenelia', lName='Hedberg', username='peddle', password='addb0f5e7826c857d7376d1bd9bc33c0c544790a2eac96144a8af22b1298c940', email='jbailey@live.com', simulated=true}
Nov 17, 2024 4:26:09 AM entity.Util endProgram
INFO: Customer{CustomerId=54, retrievalRate=10, frequency=1} User{fName='Latia', lName='Ergener', username='poundage', password='1d4a11c275c18edcdefbaf75162576931ec92aca7076ab4ce775453d01fdc888', email='fbarnes@live.com', simulated=true}
Nov 17, 2024 4:26:09 AM entity.Util endProgram
INFO: Customer{CustomerId=55, retrievalRate=10, frequency=1} User{fName='Crin', lName='Runkel', username='dandelion', password='32363153ff1446ef21353643892b4340c3a01d10fd4a0c0d6c0a047ed475881b', email='fkelly@hotmail.com', simulated=true}
Nov 17, 2024 4:26:09 AM entity.Util endProgram
INFO: Customer{CustomerId=56, retrievalRate=10, frequency=1} User{fName='Hetty', lName='Phillipp', username='whimsy', password='a7fda0b61e2047f0f1057d1f5f064c272fd5d490961c531f4df64b0dd354683a', email='hcollins@yahoo.com', simulated=true}
Nov 17, 2024 4:26:09 AM entity.Util endProgram
INFO: Customer{CustomerId=57, retrievalRate=10, frequency=1} User{fName='Kevyn', lName='Chappy', username='protestantism', password='686377568a4ef777a384d7a163b52176b0b96d81a9950b491f510e52a131b8c3', email='rward@gmail.com', simulated=true}
Nov 17, 2024 4:26:09 AM entity.Util endProgram
INFO: Customer{CustomerId=58, retrievalRate=10, frequency=1} User{fName='Aubrey', lName='Stirling', username='mikkel', password='9255d1c9e0f9d78b0425283cb09ea333f630fa9d252164e9a025a7bd2e73b000', email='nlewis@live.com', simulated=true}
Nov 17, 2024 4:26:09 AM entity.Util endProgram
INFO: Customer{CustomerId=59, retrievalRate=10, frequency=1} User{fName='Winnie', lName='Aphrodite', username='mcqueen', password='658e92f4f47fa18c36155d06bce88b2b9f37d12437c43ee16f24eb5d04a69450', email='ebennett@gmail.com', simulated=true}
Nov 17, 2024 4:26:09 AM entity.Util endProgram
INFO: Customer{CustomerId=60, retrievalRate=10, frequency=1} User{fName='Angelica', lName='Choong', username='presnell', password='06ea17a8981d25b0315ff17bd1ebad3d95c15a3f8b764eaadb93612d9b61a54e', email='clee@live.com', simulated=true}
Nov 17, 2024 4:26:09 AM entity.Util endProgram
INFO: Customer{CustomerId=61, retrievalRate=10, frequency=1} User{fName='Kattie', lName='Meraree', username='spinal', password='26787dd2f72cc993706ee8209c6c8b2e77b8b6c7bbc8d168550dcfc1c8b28818', email='kjones@gmail.com', simulated=true}
Nov 17, 2024 4:26:09 AM entity.Util endProgram
INFO: Customer{CustomerId=62, retrievalRate=10, frequency=1} User{fName='Tamiko', lName='Dill', username='charente', password='e54fc6b51915e222ba6196747a19ebb8dfa651fd2b46a385a0ded647fbfefda0', email='vparker@yahoo.com', simulated=true}
Nov 17, 2024 4:26:09 AM entity.Util endProgram
INFO: Customer{CustomerId=63, retrievalRate=10, frequency=1} User{fName='Agnes', lName='Ezmeralda', username='deppy', password='99e2254b134a33cf2d8bef866012e20301f3d1946b718a00619fd8b7a2e4c079', email='hdiaz@live.com', simulated=true}
Nov 17, 2024 4:26:09 AM entity.Util endProgram
INFO: Customer{CustomerId=64, retrievalRate=10, frequency=1} User{fName='Clarissa', lName='Morrissey', username='fabri', password='9b2c63c77c9b40691e322179f60fe2938423ea9b9d78693efd099df7e9d54bf7', email='fkelly@live.com', simulated=true}
Nov 17, 2024 4:26:09 AM entity.Util endProgram
INFO: Customer{CustomerId=65, retrievalRate=10, frequency=1} User{fName='Willyt', lName='Beth', username='priggish', password='2b1c6681c702b49ffe35f6292358a442e765f451a30bf5953733352796bc4dc0', email='sbarnes@yahoo.com', simulated=true}
Nov 17, 2024 4:26:09 AM entity.Util endProgram
INFO: Customer{CustomerId=66, retrievalRate=10, frequency=1} User{fName='Aubrette', lName='Priestley', username='portecochere', password='f9430a30431829bfa9420368fc97bbb354b2218bde0d0dacf03cc5cb701082ae', email='wprice@hotmail.com', simulated=true}
Nov 17, 2024 4:26:09 AM entity.Util endProgram
INFO: Customer{CustomerId=67, retrievalRate=10, frequency=1} User{fName='Trish', lName='Shewmaker', username='ashlar', password='1d43cfed6bbe6dd9919678dea66a37b1576a9890cf5142a7e0d3eddf57f1e123', email='ataylor@yahoo.com', simulated=true}
Nov 17, 2024 4:26:09 AM entity.Util endProgram
INFO: Customer{CustomerId=68, retrievalRate=10, frequency=1} User{fName='Carri', lName='Rumery', username='lactoprotein', password='abf9eb9facd09aafefb1e027a819da4d95fdad98b246494096033c7f099608d3', email='hroberts@live.com', simulated=true}
Nov 17, 2024 4:26:09 AM entity.Util endProgram
INFO: Customer{CustomerId=69, retrievalRate=10, frequency=1} User{fName='Cherin', lName='Lichter', username='telespectroscope', password='06d92f17a33b28585d90927b2226c4bd8eb0985ffdc41036b2e6cf6106289181', email='ssmith@hotmail.com', simulated=true}
Nov 17, 2024 4:26:09 AM entity.Util endProgram
INFO: Customer{CustomerId=70, retrievalRate=10, frequency=1} User{fName='Freddi', lName='Rabbi', username='karylkarylin', password='aa4143c7e1d5667b1095cd719d8434b259f8eba65e27bb40794ff023078adfb0', email='tward@hotmail.com', simulated=true}
Nov 17, 2024 4:26:09 AM entity.Util endProgram
INFO: Customer{CustomerId=71, retrievalRate=10, frequency=1} User{fName='Alexis', lName='Gillett', username='schoof', password='eba2346346bce6e941a9ff0a0c96e0e9d4282b658bd72ca2bc93d81021de08d0', email='nmurphy@live.com', simulated=true}
Nov 17, 2024 4:26:09 AM entity.Util endProgram
INFO: Customer{CustomerId=72, retrievalRate=10, frequency=1} User{fName='Chere', lName='Mikkel', username='teapot', password='cf1aa821ddabafa6a16212eba3805fbcff92c6fc981d43967e1fca8657f8571c', email='crussell@gmail.com', simulated=true}
Nov 17, 2024 4:26:09 AM entity.Util endProgram
INFO: Customer{CustomerId=73, retrievalRate=10, frequency=1} User{fName='Tommi', lName='Cohbert', username='heraclitean', password='83d15dec6c82566b20585401412cee8869743b986df8e806e326cc22ee6c70b4', email='yhill@hotmail.com', simulated=true}
Nov 17, 2024 4:26:09 AM entity.Util endProgram
INFO: Customer{CustomerId=74, retrievalRate=10, frequency=1} User{fName='Concettina', lName='Kealey', username='commandeer', password='1a5376ad727d65213a79f3108541cf95012969a0d3064f108b5dd6e7f8c19b89', email='osanchez@gmail.com', simulated=true}
Nov 17, 2024 4:26:09 AM entity.Util endProgram
INFO: Customer{CustomerId=75, retrievalRate=10, frequency=1} User{fName='Natividad', lName='Pulchia', username='mikiso', password='77173ace11f118f4cfaaa33d7c35ec612a1ca67dae67d54a4a677a465124b087', email='gmartin@live.com', simulated=true}
Nov 17, 2024 4:26:09 AM entity.Util endProgram
INFO: Customer{CustomerId=76, retrievalRate=10, frequency=1} User{fName='Kenna', lName='Henrieta', username='linhliniment', password='76ecd6d607c5fde7f5c46b1affdda5250ff12fc9541e2989aa673bc76a5a4d78', email='kallen@hotmail.com', simulated=true}
Nov 17, 2024 4:26:09 AM entity.Util endProgram
INFO: Customer{CustomerId=77, retrievalRate=10, frequency=1} User{fName='Marielle', lName='Lytle', username='kristianson', password='423af8d7e8d6af20748e2cb6a9e88ccb4ab09092ce274f5269ee413a5e3be06d', email='mmiller@hotmail.com', simulated=true}
Nov 17, 2024 4:26:09 AM entity.Util endProgram
INFO: Customer{CustomerId=78, retrievalRate=10, frequency=1} User{fName='Ranique', lName='Ginsberg', username='lightfooted', password='e3c073a9b0c43b04fd91c5ed61a66dc62897880e3192c5ed12dd99e4b14bb1bf', email='wsimmons@hotmail.com', simulated=true}
Nov 17, 2024 4:26:09 AM entity.Util endProgram
INFO: Customer{CustomerId=79, retrievalRate=10, frequency=1} User{fName='Joceline', lName='Robet', username='rao', password='e59ae67897757d1a138a46c1f501ce94321e96aa7ec4445e0e97e94f2ec6c8e1', email='jhenderson@live.com', simulated=true}
Nov 17, 2024 4:26:09 AM entity.Util endProgram
INFO: Customer{CustomerId=80, retrievalRate=10, frequency=1} User{fName='Eddy', lName='Hazlip', username='bourse', password='75aa593103275bfee107fcce1aea432edd3daa8bb73587d7230521f908e7c053', email='kgriffin@yahoo.com', simulated=true}
Nov 17, 2024 4:26:09 AM entity.Util endProgram
INFO: Customer{CustomerId=81, retrievalRate=10, frequency=1} User{fName='Susanna', lName='Gayel', username='ahmedahmedabad', password='41ff8b1f8874e7763d421867504d7a8157a3543e75b0427b4bf8c6b5dd6b4813', email='acook@gmail.com', simulated=true}
Nov 17, 2024 4:26:09 AM entity.Util endProgram
INFO: Customer{CustomerId=82, retrievalRate=10, frequency=1} User{fName='Gabriella', lName='Johnsten', username='node', password='e2257349c139799fafab4f3e96e068da96773117c4f108f122343ddb19a249ed', email='vlong@hotmail.com', simulated=true}
Nov 17, 2024 4:26:09 AM entity.Util endProgram
INFO: Customer{CustomerId=83, retrievalRate=10, frequency=1} User{fName='Mable', lName='Andros', username='cleaves', password='2af4c646c9969d2260615b414f63ca1c909c225d482cff1ff5261b3bd1bce770', email='ufoster@live.com', simulated=true}
Nov 17, 2024 4:26:09 AM entity.Util endProgram
INFO: Customer{CustomerId=84, retrievalRate=10, frequency=1} User{fName='Anselma', lName='Kellia', username='addlebrained', password='9df6b026a8c6c26e3c3acd2370a16e93fffdc0015ff5bd879218788025db0280', email='mrogers@hotmail.com', simulated=true}
Nov 17, 2024 4:26:09 AM entity.Util endProgram
INFO: Customer{CustomerId=85, retrievalRate=10, frequency=1} User{fName='Domeniga', lName='Dulcea', username='charleen', password='7f0b629cbb9d794b3daf19fcd686a30a039b47395545394dadc0574744996a87', email='pwashington@live.com', simulated=true}
Nov 17, 2024 4:26:09 AM entity.Util endProgram
INFO: Customer{CustomerId=86, retrievalRate=10, frequency=1} User{fName='Elianora', lName='Thrasher', username='senator', password='4c3280c17f9d982ccbac882ae1f48dad224dba938bee87bf18e31c76b0c3b88b', email='ggriffin@yahoo.com', simulated=true}
Nov 17, 2024 4:26:09 AM entity.Util endProgram
INFO: Customer{CustomerId=87, retrievalRate=10, frequency=1} User{fName='Cynthea', lName='Efthim', username='propagandize', password='9fff3bcb10ca5e87b8109ccde9e9452012d634a005942afc46cf2b7fa307526a', email='frichardson@live.com', simulated=true}
Nov 17, 2024 4:26:09 AM entity.Util endProgram
INFO: Customer{CustomerId=88, retrievalRate=10, frequency=1} User{fName='Camellia', lName='Reviere', username='thibodeau', password='f19251cae5937c608a407ed7cdda18d21ba8303a2b68ebc5c33bb176d2f842d8', email='mkelly@live.com', simulated=true}
Nov 17, 2024 4:26:09 AM entity.Util endProgram
INFO: Customer{CustomerId=89, retrievalRate=10, frequency=1} User{fName='Eleni', lName='Ilise', username='judejudea', password='06ddd2e54a3ad4cbc96b0cd5a034e18b85d0f9be64e87dcb7a4c4a0470a6d722', email='nphillips@gmail.com', simulated=true}
Nov 17, 2024 4:26:09 AM entity.Util endProgram
INFO: Customer{CustomerId=90, retrievalRate=10, frequency=1} User{fName='Trescha', lName='Olette', username='mimicry', password='74b68c8138117b2b58364c8eb125a55507df3c006ef8a22c227342841c8db28a', email='dward@gmail.com', simulated=true}
Nov 17, 2024 4:26:09 AM entity.Util endProgram
INFO: Customer{CustomerId=91, retrievalRate=10, frequency=1} User{fName='Marylinda', lName='Maples', username='skim', password='db8e363f0316fe053dddecb10880d6cd11e4cde1547a29e0bbd4dc8d5caa86fa', email='wpowell@hotmail.com', simulated=true}
Nov 17, 2024 4:26:09 AM entity.Util endProgram
INFO: Customer{CustomerId=92, retrievalRate=10, frequency=1} User{fName='Morna', lName='Mathias', username='kinkajou', password='3b58987bda9d71e8b63f146fad22ea921b3c84b9a733c711a854c7f6dd78b2d3', email='psimmons@hotmail.com', simulated=true}
Nov 17, 2024 4:26:09 AM entity.Util endProgram
INFO: Customer{CustomerId=93, retrievalRate=10, frequency=1} User{fName='Annadiana', lName='Cherey', username='tager', password='e29c000719755b99364b3556a1ef901bfbc2cd23be86948a1afb3952e7493501', email='pdiaz@gmail.com', simulated=true}
Nov 17, 2024 4:26:09 AM entity.Util endProgram
INFO: Customer{CustomerId=94, retrievalRate=10, frequency=1} User{fName='Michaelina', lName='Nestor', username='glycerin', password='d94072a73664bc1b46e7dc737e9c779bd08561bb2fdba6ac1b67bddbb121fbaf', email='fanderson@gmail.com', simulated=true}
Nov 17, 2024 4:26:09 AM entity.Util endProgram
INFO: Customer{CustomerId=95, retrievalRate=10, frequency=1} User{fName='Claudia', lName='Shirl', username='bridegroom', password='d987bfe99e73ce846a884e2500db73ea8d266f849650038b70d6251e7a22ea14', email='jadams@hotmail.com', simulated=true}
Nov 17, 2024 4:26:09 AM entity.Util endProgram
INFO: Customer{CustomerId=96, retrievalRate=10, frequency=1} User{fName='Jacenta', lName='Inigo', username='kinesiology', password='f42ff50167e9c6cc7e45a597368484d622fcd95aae12d3704b647023648bec9e', email='vdiaz@yahoo.com', simulated=true}
Nov 17, 2024 4:26:09 AM entity.Util endProgram
INFO: Customer{CustomerId=97, retrievalRate=10, frequency=1} User{fName='Shana', lName='McRoberts', username='ashla', password='2bb80d537b1da3e38bd30361aa855686bde0eacd7162fef6a25fe97bf527a25b', email='ahenderson@live.com', simulated=true}
Nov 17, 2024 4:26:09 AM entity.Util endProgram
INFO: Customer{CustomerId=98, retrievalRate=10, frequency=1} User{fName='Tracie', lName='Krigsman', username='chanda', password='888da5db853449fff82b07cbdbf7c755ece0783aa670bb36cc5c4cc9a68fb864', email='urodriguez@live.com', simulated=true}
Nov 17, 2024 4:26:09 AM entity.Util endProgram
INFO: Customer{CustomerId=99, retrievalRate=10, frequency=1} User{fName='Abigael', lName='Weslee', username='spiculum', password='00eafaa4a6301e813dc1fa5b82845f7c58a375012cfdfb4ce43cdfd6c9c0f3fc', email='hbrooks@hotmail.com', simulated=true}
Nov 17, 2024 4:26:09 AM entity.Util endProgram
INFO: Customer{CustomerId=100, retrievalRate=10, frequency=1} User{fName='Natassia', lName='Reuben', username='smokechaser', password='dcd79ebce907b98a97ac818318c9e467731e44068412590ea34280dcadcf02d9', email='speterson@gmail.com', simulated=true}
Nov 17, 2024 4:26:09 AM entity.Util endProgram
INFO: ==================================================
Nov 17, 2024 4:26:09 AM entity.Util endProgram
INFO: Vendor{eventIds=[2, 6, 8, 9, 11, 12, 13], id=101, Event Creation Frequency=60} User{fName='Netti', lName='Alvera', username='cr', password='5f0bf3ff6b72ac09f881221fc8bd88ba9f24a393c2e544716dbf792978a7f313', email='unelson@hotmail.com', simulated=true}
Nov 17, 2024 4:26:09 AM entity.Util endProgram
INFO: Vendor{eventIds=[1, 4, 9, 10, 13], id=102, Event Creation Frequency=60} User{fName='Lexy', lName='Tiffie', username='immoderation', password='f0b8349db8dfa765b3a01d405c7cec20bc33c7a359adcd462517f33eacec12bb', email='uhernandez@gmail.com', simulated=true}
Nov 17, 2024 4:26:09 AM entity.Util endProgram
INFO: Vendor{eventIds=[1, 2, 8, 9, 11, 14, 13, 15], id=103, Event Creation Frequency=60} User{fName='Farrand', lName='Mareld', username='twum', password='0b22fca0ad0a2ff8b00fe24a312b9d8b84d6219e5514a35023e2e86e15e287df', email='gfoster@hotmail.com', simulated=true}
Nov 17, 2024 4:26:09 AM entity.Util endProgram
INFO: Vendor{eventIds=[2, 3, 5, 8, 13], id=104, Event Creation Frequency=60} User{fName='Selene', lName='Loree', username='canvas', password='c2333a7e3a607935c67c1e6f6810395decc9f66f592b812aaada7db94ba215d6', email='lcoleman@hotmail.com', simulated=true}
Nov 17, 2024 4:26:09 AM entity.Util endProgram
INFO: Vendor{eventIds=[1, 2, 7, 8, 9], id=105, Event Creation Frequency=60} User{fName='Alex', lName='Kudva', username='fertility', password='7d3b5c83009fadf734c06eeecd7fbe256c69f71c8ba0429e4d7ad5f54b2e4097', email='fmitchell@gmail.com', simulated=true}
Nov 17, 2024 4:26:09 AM entity.Util endProgram
INFO: ==================================================
Nov 17, 2024 4:26:09 AM entity.Util endProgram
INFO: Event{id=1, vendor=105, pool tickets=0, sold tickets=3040, available tickets=6960, poolSize=1000, totalTickets=10000}
Nov 17, 2024 4:26:09 AM entity.Util endProgram
INFO: Event{id=2, vendor=101, pool tickets=0, sold tickets=3400, available tickets=6600, poolSize=1000, totalTickets=10000}
Nov 17, 2024 4:26:09 AM entity.Util endProgram
INFO: Event{id=3, vendor=104, pool tickets=0, sold tickets=1680, available tickets=8320, poolSize=1000, totalTickets=10000}
Nov 17, 2024 4:26:09 AM entity.Util endProgram
INFO: Event{id=4, vendor=102, pool tickets=0, sold tickets=1680, available tickets=8320, poolSize=1000, totalTickets=10000}
Nov 17, 2024 4:26:09 AM entity.Util endProgram
INFO: Event{id=5, vendor=104, pool tickets=0, sold tickets=1680, available tickets=8320, poolSize=1000, totalTickets=10000}
Nov 17, 2024 4:26:09 AM entity.Util endProgram
INFO: Event{id=6, vendor=101, pool tickets=0, sold tickets=1680, available tickets=8320, poolSize=1000, totalTickets=10000}
Nov 17, 2024 4:26:09 AM entity.Util endProgram
INFO: Event{id=7, vendor=105, pool tickets=0, sold tickets=1680, available tickets=8320, poolSize=1000, totalTickets=10000}
Nov 17, 2024 4:26:09 AM entity.Util endProgram
INFO: Event{id=8, vendor=101, pool tickets=0, sold tickets=3440, available tickets=6560, poolSize=1000, totalTickets=10000}
Nov 17, 2024 4:26:09 AM entity.Util endProgram
INFO: Event{id=9, vendor=102, pool tickets=115, sold tickets=3365, available tickets=6520, poolSize=1000, totalTickets=10000}
Nov 17, 2024 4:26:09 AM entity.Util endProgram
INFO: Event{id=10, vendor=102, pool tickets=28, sold tickets=1652, available tickets=8320, poolSize=1000, totalTickets=10000}
Nov 17, 2024 4:26:09 AM entity.Util endProgram
INFO: Event{id=11, vendor=102, pool tickets=28, sold tickets=2332, available tickets=7640, poolSize=1000, totalTickets=10000}
Nov 17, 2024 4:26:09 AM entity.Util endProgram
INFO: Event{id=12, vendor=103, pool tickets=28, sold tickets=1652, available tickets=8320, poolSize=1000, totalTickets=10000}
Nov 17, 2024 4:26:09 AM entity.Util endProgram
INFO: Event{id=14, vendor=104, pool tickets=0, sold tickets=1680, available tickets=8320, poolSize=1000, totalTickets=10000}
Nov 17, 2024 4:26:09 AM entity.Util endProgram
INFO: Event{id=13, vendor=105, pool tickets=21, sold tickets=3379, available tickets=6600, poolSize=1000, totalTickets=10000}
Nov 17, 2024 4:26:09 AM entity.Util endProgram
INFO: Event{id=15, vendor=101, pool tickets=0, sold tickets=1680, available tickets=8320, poolSize=1000, totalTickets=10000}
